{
  "stats": {
    "suites": 1,
    "tests": 2,
    "passes": 0,
    "pending": 0,
    "failures": 2,
    "start": "2021-09-15T08:35:52.495Z",
    "end": "2021-09-15T08:37:16.323Z",
    "duration": 83828,
    "testsRegistered": 2,
    "passPercent": 0,
    "pendingPercent": 0,
    "other": 0,
    "hasOther": false,
    "skipped": 0,
    "hasSkipped": false
  },
  "results": [
    {
      "uuid": "566b2375-3e09-4f53-82e4-7e2cc03c483b",
      "title": "",
      "fullFile": "cypress/integration/Login.feature",
      "file": "cypress/integration/Login.feature",
      "beforeHooks": [],
      "afterHooks": [],
      "tests": [],
      "suites": [
        {
          "uuid": "8e1de708-1cde-4959-8b3d-0c183c06fc07",
          "title": "Login functionality",
          "fullFile": "",
          "file": "",
          "beforeHooks": [],
          "afterHooks": [],
          "tests": [
            {
              "title": "To validate whether Login page is displayed or not",
              "fullTitle": "Login functionality To validate whether Login page is displayed or not",
              "timedOut": null,
              "duration": 10202,
              "state": "failed",
              "speed": null,
              "pass": false,
              "fail": true,
              "pending": false,
              "context": null,
              "code": "const state = window.testState;\nreturn cy\n  .then(() => state.onStartScenario(scenario, indexedSteps))\n  .then(() =>\n    resolveAndRunBeforeHooks.call(this, scenario.tags, state.feature.name)\n  )\n  .then(() =>\n    indexedSteps.forEach((step) =>\n      stepTest.call(this, state, step, rowData)\n    )\n  )\n  .then(() => state.onFinishScenario(scenario));",
              "err": {
                "message": "CypressError: Cypress command timeout of `10000ms` exceeded.\n\nBecause this error occurred during a `after each` hook we are skipping the remaining tests in the current suite: `Login functionality`",
                "estack": "CypressError: Cypress command timeout of `10000ms` exceeded.\n\nBecause this error occurred during a `after each` hook we are skipping the remaining tests in the current suite: `Login functionality`\n    at cypressErr (https://demoqa.com/__cypress/runner/cypress_runner.js:160556:18)\n    at Module.errByPath (https://demoqa.com/__cypress/runner/cypress_runner.js:160625:10)\n    at https://demoqa.com/__cypress/runner/cypress_runner.js:162347:29",
                "diff": null
              },
              "uuid": "1693713a-bb67-436c-af10-4732a92c7c86",
              "parentUUID": "8e1de708-1cde-4959-8b3d-0c183c06fc07",
              "isHook": false,
              "skipped": false
            },
            {
              "title": "To Validate Login functionality for valid credentials",
              "fullTitle": "Login functionality To Validate Login functionality for valid credentials",
              "timedOut": null,
              "duration": 0,
              "state": "skipped",
              "speed": null,
              "pass": false,
              "fail": false,
              "pending": false,
              "context": null,
              "code": "const state = window.testState;\nreturn cy\n  .then(() => state.onStartScenario(scenario, indexedSteps))\n  .then(() =>\n    resolveAndRunBeforeHooks.call(this, scenario.tags, state.feature.name)\n  )\n  .then(() =>\n    indexedSteps.forEach((step) =>\n      stepTest.call(this, state, step, rowData)\n    )\n  )\n  .then(() => state.onFinishScenario(scenario));",
              "err": {},
              "uuid": "c7b4ea3e-fa67-4e81-856c-8bfa4e2322bc",
              "parentUUID": "8e1de708-1cde-4959-8b3d-0c183c06fc07",
              "isHook": false,
              "skipped": true
            }
          ],
          "suites": [],
          "passes": [],
          "failures": [
            "1693713a-bb67-436c-af10-4732a92c7c86"
          ],
          "pending": [],
          "skipped": [
            "c7b4ea3e-fa67-4e81-856c-8bfa4e2322bc"
          ],
          "duration": 10202,
          "root": false,
          "rootEmpty": false,
          "_timeout": 2000
        }
      ],
      "passes": [],
      "failures": [],
      "pending": [],
      "skipped": [],
      "duration": 0,
      "root": true,
      "rootEmpty": true,
      "_timeout": 2000
    }
  ],
  "meta": {
    "mocha": {
      "version": "7.0.1"
    },
    "mochawesome": {
      "options": {
        "quiet": false,
        "reportFilename": "report",
        "saveHtml": true,
        "saveJson": true,
        "consoleReporter": "spec",
        "useInlineDiffs": false,
        "code": true
      },
      "version": "6.2.2"
    },
    "marge": {
      "options": {
        "reportDir": "cypress/reports/mocha",
        "reportFilename": "report",
        "overwrite": false,
        "html": true,
        "json": true,
        "charts": true
      },
      "version": "5.2.0"
    }
  }
}